<?xml version="1.0" encoding="UTF-8"?>
<!-- Generated by org.testng.reporters.JUnitXMLReporter -->
<testsuite hostname="PuNeEtDocASAP" name="loginTest02" tests="3" failures="2" timestamp="7 Jan 2016 15:16:39 GMT" time="32.198" errors="0">
  <testcase name="adminLogin" time="21.407" classname="executeMain.ExecuteSuit"/>
  <testcase name="adminAccount" time="9.768" classname="executeMain.ExecuteSuit">
    <failure type="java.lang.AssertionError" message="expected [false] but found [Error communicating with the remote browser. It may have died.
Build info: version: &amp;apos;2.45.0&amp;apos;, revision: &amp;apos;32a636c&amp;apos;, time: &amp;apos;2015-03-05 22:01:35&amp;apos;
System info: host: &amp;apos;PuNeEtDocASAP&amp;apos;, ip: &amp;apos;100.77.52.5&amp;apos;, os.name: &amp;apos;Windows 8&amp;apos;, os.arch: &amp;apos;x86&amp;apos;, os.version: &amp;apos;6.2&amp;apos;, java.version: &amp;apos;1.7.0_07&amp;apos;
Driver info: driver.version: EventFiringWebDriver]">
      <![CDATA[java.lang.AssertionError: expected [false] but found [Error communicating with the remote browser. It may have died.
Build info: version: '2.45.0', revision: '32a636c', time: '2015-03-05 22:01:35'
System info: host: 'PuNeEtDocASAP', ip: '100.77.52.5', os.name: 'Windows 8', os.arch: 'x86', os.version: '6.2', java.version: '1.7.0_07'
Driver info: driver.version: EventFiringWebDriver]
	at baseClass.BaseClass.getValue(BaseClass.java:82)
	at adminLoginPage.AdminLoginPage.<init>(AdminLoginPage.java:10)
	at executeMain.ExecuteSuit.adminAccount(ExecuteSuit.java:122)
... Removed 29 stack frames]]>
    </failure>
  </testcase> <!-- adminAccount -->
  <testcase name="fetchValuesFromPendingUserTab" time="1.022" classname="executeMain.ExecuteSuit">
    <failure type="org.openqa.selenium.remote.UnreachableBrowserException" message="Error communicating with the remote browser. It may have died.
Build info: version: &amp;apos;2.45.0&amp;apos;, revision: &amp;apos;32a636c&amp;apos;, time: &amp;apos;2015-03-05 22:01:35&amp;apos;
System info: host: &amp;apos;PuNeEtDocASAP&amp;apos;, ip: &amp;apos;100.77.52.5&amp;apos;, os.name: &amp;apos;Windows 8&amp;apos;, os.arch: &amp;apos;x86&amp;apos;, os.version: &amp;apos;6.2&amp;apos;, java.version: &amp;apos;1.7.0_07&amp;apos;
Driver info: driver.version: EventFiringWebDriver">
      <![CDATA[org.openqa.selenium.remote.UnreachableBrowserException: Error communicating with the remote browser. It may have died.
Build info: version: '2.45.0', revision: '32a636c', time: '2015-03-05 22:01:35'
System info: host: 'PuNeEtDocASAP', ip: '100.77.52.5', os.name: 'Windows 8', os.arch: 'x86', os.version: '6.2', java.version: '1.7.0_07'
Driver info: driver.version: EventFiringWebDriver
	at org.openqa.selenium.remote.RemoteWebDriver.execute(RemoteWebDriver.java:593)
	at org.openqa.selenium.remote.RemoteWebDriver.findElement(RemoteWebDriver.java:352)
	at org.openqa.selenium.remote.RemoteWebDriver.findElementByXPath(RemoteWebDriver.java:449)
	at org.openqa.selenium.By$ByXPath.findElement(By.java:357)
	at org.openqa.selenium.remote.RemoteWebDriver.findElement(RemoteWebDriver.java:344)
	at org.openqa.selenium.support.events.EventFiringWebDriver$2.invoke(EventFiringWebDriver.java:101)
	at $Proxy9.findElement(Unknown Source)
	at org.openqa.selenium.support.events.EventFiringWebDriver.findElement(EventFiringWebDriver.java:184)
	at adminLoginPage.PendingUserTabStatic.clickPendingUserTab(PendingUserTabStatic.java:33)
	at executeMain.ExecuteSuit.fetchValuesFromPendingUserTab(ExecuteSuit.java:132)
Caused by: org.apache.http.conn.HttpHostConnectException: Connect to 127.0.0.1:7055 [/127.0.0.1] failed: Connection refused: connect
	at org.apache.http.impl.conn.HttpClientConnectionOperator.connect(HttpClientConnectionOperator.java:142)
	at org.apache.http.impl.conn.PoolingHttpClientConnectionManager.connect(PoolingHttpClientConnectionManager.java:319)
	at org.apache.http.impl.execchain.MainClientExec.establishRoute(MainClientExec.java:363)
	at org.apache.http.impl.execchain.MainClientExec.execute(MainClientExec.java:219)
	at org.apache.http.impl.execchain.ProtocolExec.execute(ProtocolExec.java:195)
	at org.apache.http.impl.execchain.RetryExec.execute(RetryExec.java:86)
	at org.apache.http.impl.execchain.RedirectExec.execute(RedirectExec.java:108)
	at org.apache.http.impl.client.InternalHttpClient.doExecute(InternalHttpClient.java:184)
	at org.apache.http.impl.client.CloseableHttpClient.execute(CloseableHttpClient.java:72)
	at org.apache.http.impl.client.CloseableHttpClient.execute(CloseableHttpClient.java:57)
	at org.openqa.selenium.remote.internal.ApacheHttpClient.fallBackExecute(ApacheHttpClient.java:126)
	at org.openqa.selenium.remote.internal.ApacheHttpClient.execute(ApacheHttpClient.java:72)
	at org.openqa.selenium.remote.HttpCommandExecutor.execute(HttpCommandExecutor.java:133)
	at org.openqa.selenium.firefox.internal.NewProfileExtensionConnection.execute(NewProfileExtensionConnection.java:165)
	at org.openqa.selenium.firefox.FirefoxDriver$LazyCommandExecutor.execute(FirefoxDriver.java:362)
	at org.openqa.selenium.remote.RemoteWebDriver.execute(RemoteWebDriver.java:572)
	... 38 more
Caused by: java.net.ConnectException: Connection refused: connect
	at java.net.DualStackPlainSocketImpl.waitForConnect(Native Method)
	at java.net.DualStackPlainSocketImpl.socketConnect(DualStackPlainSocketImpl.java:75)
	at java.net.AbstractPlainSocketImpl.doConnect(AbstractPlainSocketImpl.java:339)
	at java.net.AbstractPlainSocketImpl.connectToAddress(AbstractPlainSocketImpl.java:200)
	at java.net.AbstractPlainSocketImpl.connect(AbstractPlainSocketImpl.java:182)
	at java.net.PlainSocketImpl.connect(PlainSocketImpl.java:157)
	at java.net.SocksSocketImpl.connect(SocksSocketImpl.java:391)
	at java.net.Socket.connect(Socket.java:579)
	at org.apache.http.conn.socket.PlainConnectionSocketFactory.connectSocket(PlainConnectionSocketFactory.java:72)
	at org.apache.http.impl.conn.HttpClientConnectionOperator.connect(HttpClientConnectionOperator.java:125)
	... 53 more
... Removed 29 stack frames]]>
    </failure>
  </testcase> <!-- fetchValuesFromPendingUserTab -->
</testsuite> <!-- loginTest02 -->
