<?xml version="1.0" encoding="UTF-8"?>
<!-- Generated by org.testng.reporters.JUnitXMLReporter -->
<testsuite hostname="PuNeEtDocASAP" name="IETest" tests="2" failures="1" timestamp="7 Jan 2016 15:57:15 GMT" time="261.829" errors="0">
  <testcase name="setUrl" time="254.184" classname="executeMain.CrossBrowserTesting"/>
  <testcase name="loginPage" time="0.012" classname="executeMain.CrossBrowserTesting">
    <failure type="java.lang.AssertionError" message="expected [false] but found [null]">
      <![CDATA[java.lang.AssertionError: expected [false] but found [null]
	at baseClass.BaseClass.getValue(BaseClass.java:80)
	at homePage.HomePage.<init>(HomePage.java:9)
	at executeMain.CrossBrowserTesting.loginPage(CrossBrowserTesting.java:64)
	at java.util.concurrent.FutureTask$Sync.innerRun(FutureTask.java:334)
	at java.util.concurrent.FutureTask.run(FutureTask.java:166)
	at java.util.concurrent.ThreadPoolExecutor.runWorker(ThreadPoolExecutor.java:1110)
	at java.util.concurrent.ThreadPoolExecutor$Worker.run(ThreadPoolExecutor.java:603)
	at java.lang.Thread.run(Thread.java:722)
... Removed 20 stack frames]]>
    </failure>
  </testcase> <!-- loginPage -->
</testsuite> <!-- IETest -->
