<?xml version="1.0" encoding="UTF-8"?>
<testng-results ignored="0" total="1" passed="1" failed="0" skipped="0">
  <reporter-output>
  </reporter-output>
  <suite started-at="2023-08-22T14:39:00 IST" name="Default suite" finished-at="2023-08-22T14:39:14 IST" duration-ms="13855">
    <groups>
    </groups>
    <test started-at="2023-08-22T14:39:00 IST" name="Default test" finished-at="2023-08-22T14:39:14 IST" duration-ms="13855">
      <class name="TestNgDemo.Logindemo">
        <test-method is-config="true" signature="beforetest()[pri:0, instance:TestNgDemo.Logindemo@2a4fb17b]" started-at="2023-08-22T14:39:00 IST" name="beforetest" finished-at="2023-08-22T14:39:00 IST" duration-ms="26" status="PASS">
          <reporter-output>
          </reporter-output>
        </test-method> <!-- beforetest -->
        <test-method is-config="true" signature="beforeclass()[pri:0, instance:TestNgDemo.Logindemo@2a4fb17b]" started-at="2023-08-22T14:39:00 IST" name="beforeclass" finished-at="2023-08-22T14:39:00 IST" duration-ms="1" status="PASS">
          <reporter-output>
          </reporter-output>
        </test-method> <!-- beforeclass -->
        <test-method is-config="true" signature="setup()[pri:0, instance:TestNgDemo.Logindemo@2a4fb17b]" started-at="2023-08-22T14:39:00 IST" name="setup" finished-at="2023-08-22T14:39:05 IST" duration-ms="5034" status="PASS">
          <reporter-output>
          </reporter-output>
        </test-method> <!-- setup -->
        <test-method signature="Login()[pri:0, instance:TestNgDemo.Logindemo@2a4fb17b]" started-at="2023-08-22T14:39:05 IST" name="Login" finished-at="2023-08-22T14:39:11 IST" duration-ms="6571" status="PASS">
          <reporter-output>
          </reporter-output>
        </test-method> <!-- Login -->
        <test-method is-config="true" signature="teardown()[pri:0, instance:TestNgDemo.Logindemo@2a4fb17b]" started-at="2023-08-22T14:39:11 IST" name="teardown" finished-at="2023-08-22T14:39:14 IST" duration-ms="2134" status="PASS">
          <reporter-output>
          </reporter-output>
        </test-method> <!-- teardown -->
        <test-method is-config="true" signature="afterclass()[pri:0, instance:TestNgDemo.Logindemo@2a4fb17b]" started-at="2023-08-22T14:39:14 IST" name="afterclass" finished-at="2023-08-22T14:39:14 IST" duration-ms="1" status="PASS">
          <reporter-output>
          </reporter-output>
        </test-method> <!-- afterclass -->
        <test-method is-config="true" signature="aftertest()[pri:0, instance:TestNgDemo.Logindemo@2a4fb17b]" started-at="2023-08-22T14:39:14 IST" name="aftertest" finished-at="2023-08-22T14:39:14 IST" duration-ms="1" status="PASS">
          <reporter-output>
          </reporter-output>
        </test-method> <!-- aftertest -->
      </class> <!-- TestNgDemo.Logindemo -->
    </test> <!-- Default test -->
  </suite> <!-- Default suite -->
</testng-results>
