<?xml version="1.0" encoding="UTF-8"?>
<!-- Generated by org.testng.reporters.JUnitXMLReporter -->
<testsuite hostname="PuNeEtDocASAP" name="AdminAccountTest02" tests="3" failures="0" timestamp="8 Jan 2016 07:07:38 GMT" time="21.826" errors="0">
  <testcase name="adminLogin" time="4.399" classname="executeMain.ExecuteSuit"/>
  <testcase name="adminAccount" time="16.983" classname="executeMain.ExecuteSuit"/>
  <testcase name="fetchValuesFromPendingUserTab" time="0.437" classname="executeMain.ExecuteSuit"/>
</testsuite> <!-- AdminAccountTest02 -->
