<?xml version="1.0" encoding="UTF-8"?>
<testng-results ignored="0" total="1" passed="1" failed="0" skipped="0">
  <reporter-output>
  </reporter-output>
  <suite started-at="2023-09-04T14:18:09Z" name="Default suite" finished-at="2023-09-04T14:18:19Z" duration-ms="10345">
    <groups>
    </groups>
    <test started-at="2023-09-04T14:18:09Z" name="Default test" finished-at="2023-09-04T14:18:19Z" duration-ms="10345">
      <class name="testcases.Login">
        <test-method is-config="true" signature="setup()[pri:0, instance:testcases.Login@5c80cf32]" started-at="2023-09-04T14:18:09Z" name="setup" finished-at="2023-09-04T14:18:16Z" duration-ms="7545" status="PASS">
          <reporter-output>
          </reporter-output>
        </test-method> <!-- setup -->
        <test-method signature="loginapp()[pri:0, instance:testcases.Login@5c80cf32]" started-at="2023-09-04T14:18:16Z" name="loginapp" finished-at="2023-09-04T14:18:19Z" duration-ms="2543" status="PASS">
          <reporter-output>
          </reporter-output>
        </test-method> <!-- loginapp -->
        <test-method is-config="true" signature="teardown()[pri:0, instance:testcases.Login@5c80cf32]" started-at="2023-09-04T14:18:19Z" name="teardown" finished-at="2023-09-04T14:18:19Z" duration-ms="192" status="PASS">
          <reporter-output>
          </reporter-output>
        </test-method> <!-- teardown -->
      </class> <!-- testcases.Login -->
    </test> <!-- Default test -->
  </suite> <!-- Default suite -->
</testng-results>
