<?xml version="1.0" encoding="UTF-8"?>
<!-- Generated by org.testng.reporters.JUnitXMLReporter -->
<testsuite hostname="PuNeEtDocASAP" name="loginTest01" tests="2" failures="1" timestamp="7 Jan 2016 15:16:06 GMT" time="20.845" errors="0">
  <testcase name="loginPage" time="15.324" classname="executeMain.ExecuteSuit">
    <failure type="java.lang.AssertionError" message="expected [LogIn] but found [Log In]">
      <![CDATA[java.lang.AssertionError: expected [LogIn] but found [Log In]
	at executeMain.ExecuteSuit.loginPage(ExecuteSuit.java:84)
... Removed 30 stack frames]]>
    </failure>
  </testcase> <!-- loginPage -->
  <testcase name="loginCredentialsReadXl" time="0.0" classname="executeMain.ExecuteSuit">
    <skipped/>
  </testcase> <!-- loginCredentialsReadXl -->
</testsuite> <!-- loginTest01 -->
