<?xml version="1.0" encoding="UTF-8"?>
<!-- Generated by org.testng.reporters.JUnitXMLReporter -->
<testsuite hostname="PuNeEtDocASAP" name="testing" tests="3" failures="0" timestamp="7 Jan 2016 16:00:57 GMT" time="183.41" errors="0">
  <testcase name="abc" time="0.005" classname="grouping.GroupAnntn">
    <skipped/>
  </testcase> <!-- abc -->
  <testcase name="execute" time="183.387" classname="grouping.GroupAnntn"/>
  <testcase name="setup" time="0.0" classname="grouping.GroupAnntn"/>
</testsuite> <!-- testing -->
