<?xml version="1.0" encoding="UTF-8"?>
<!-- Generated by org.testng.reporters.JUnitXMLReporter -->
<testsuite hostname="PuNeEtDocASAP" name="providerAccountTest03" tests="3" failures="0" timestamp="8 Jan 2016 07:07:51 GMT" time="12.938" errors="0">
  <testcase name="providerAccountLogin" time="8.785" classname="executeMain.ExecuteSuit"/>
  <testcase name="alert" time="3.29" classname="executeMain.ExecuteSuit"/>
  <testcase name="frameHandle" time="0.855" classname="executeMain.ExecuteSuit"/>
</testsuite> <!-- providerAccountTest03 -->
